<?xml version="1.0" encoding="UTF-8" ?>
<testsuite failures="0" time="0.015" errors="0" skipped="0" tests="5" name="com.leolore.kata.vend.test.KataMoneyInterpreterUSDTest">
  <properties>
[...]
</properties>
  <testcase time="0.001" classname="com.leolore.kata.vend.test.KataMoneyInterpreterUSDTest" name="testInitWithNullConfigThrowsException"/>
  <testcase time="0" classname="com.leolore.kata.vend.test.KataMoneyInterpreterUSDTest" name="testInitWithGoodConfigDoesNotThrowException"/>
  <testcase time="0" classname="com.leolore.kata.vend.test.KataMoneyInterpreterUSDTest" name="testGetProtoCoinNamed"/>
  <testcase time="0.001" classname="com.leolore.kata.vend.test.KataMoneyInterpreterUSDTest" name="testGetValueOf"/>
  <testcase time="0" classname="com.leolore.kata.vend.test.KataMoneyInterpreterUSDTest" name="testGetLargestCoinValuedLessOrEqual"/>
</testsuite>